--- Copying files at Sat Nov  4 21:46:43 UTC 2017
INSTALLED init.groovy.d/timezone.groovy
INSTALLED init.groovy.d/tcp-slave-agent-port.groovy
INSTALLED plugins/docker-commons.jpi : 1.9
INSTALLED plugins/git.jpi : 3.3.0
INSTALLED plugins/durable-task.jpi : 1.15
INSTALLED plugins/git-server.jpi : 1.7
INSTALLED plugins/matrix-project.jpi : 1.12
INSTALLED plugins/jsch.jpi : 0.1.54.1
INSTALLED plugins/javadoc.jpi : 1.4
INSTALLED plugins/pipeline-build-step.jpi : 2.5.1
INSTALLED plugins/authentication-tokens.jpi : 1.3
INSTALLED plugins/plain-credentials.jpi : 1.4
INSTALLED plugins/ace-editor.jpi : 1.1
INSTALLED plugins/structs.jpi : 1.10
INSTALLED plugins/dashboard-view.jpi : 2.9.11
INSTALLED plugins/bouncycastle-api.jpi : 2.16.1
INSTALLED plugins/momentjs.jpi : 1.1.1
INSTALLED plugins/build-timeout.jpi : 1.18
INSTALLED plugins/icon-shim.jpi : 2.0.3
INSTALLED plugins/token-macro.jpi : 2.3
INSTALLED plugins/credentials.jpi : 2.1.16
INSTALLED plugins/credentials-binding.jpi : 1.13
INSTALLED plugins/pipeline-model-extensions.jpi : 1.2.3
INSTALLED plugins/pipeline-rest-api.jpi : 2.9
INSTALLED plugins/ssh-credentials.jpi : 1.13
INSTALLED plugins/workflow-scm-step.jpi : 2.5
INSTALLED plugins/cloudbees-folder.jpi : 6.2.1
INSTALLED plugins/docker-workflow.jpi : 1.11
INSTALLED plugins/apache-httpcomponents-client-4-api.jpi : 4.5.3-2.0
INSTALLED plugins/pipeline-input-step.jpi : 2.8
INSTALLED plugins/branch-api.jpi : 2.0.15
INSTALLED plugins/timestamper.jpi : 1.8.8
INSTALLED plugins/junit.jpi : 1.20
INSTALLED plugins/workflow-step-api.jpi : 2.13
INSTALLED plugins/workflow-cps.jpi : 2.41
INSTALLED plugins/pipeline-stage-step.jpi : 2.3
INSTALLED plugins/mailer.jpi : 1.20
INSTALLED plugins/pipeline-milestone-step.jpi : 1.3.1
INSTALLED plugins/pipeline-model-declarative-agent.jpi : 1.1.1
INSTALLED plugins/workflow-multibranch.jpi : 2.15
INSTALLED plugins/jobConfigHistory.jpi : 2.16
INSTALLED plugins/pipeline-graph-analysis.jpi : 1.5
INSTALLED plugins/workflow-aggregator.jpi : 2.5
INSTALLED plugins/naginator.jpi : 1.17.2
INSTALLED plugins/jackson2-api.jpi : 2.8.7.0
INSTALLED plugins/slack.jpi : 2.2
INSTALLED plugins/jquery-detached.jpi : 1.2.1
INSTALLED plugins/display-url-api.jpi : 2.0
INSTALLED plugins/workflow-basic-steps.jpi : 2.6
INSTALLED plugins/thinBackup.jpi : 1.9
INSTALLED plugins/scm-api.jpi : 2.2.5
INSTALLED plugins/pipeline-stage-view.jpi : 2.9
INSTALLED plugins/workflow-cps-global-lib.jpi : 2.9
INSTALLED plugins/workflow-support.jpi : 2.16
INSTALLED plugins/workflow-job.jpi : 2.11
INSTALLED plugins/workflow-api.jpi : 2.23.1
INSTALLED plugins/handlebars.jpi : 1.1.1
INSTALLED plugins/workflow-durable-task-step.jpi : 2.17
INSTALLED plugins/pipeline-stage-tags-metadata.jpi : 1.2.3
INSTALLED plugins/git-client.jpi : 2.6.0
INSTALLED plugins/pipeline-model-api.jpi : 1.2.3
INSTALLED plugins/script-security.jpi : 1.35
INSTALLED plugins/pipeline-model-definition.jpi : 1.2.3
INSTALLED plugins/maven-plugin.jpi : 3.0
--- Copying files at Sat Nov  4 21:47:52 UTC 2017
